  AnimatedBackground.cpp
  Background.cpp
  Buffer.cpp
  Game.cpp
  main.cpp
C:\Users\Dlamo\OneDrive\Documents\Программирование\Мои приложения\Tir\Tir\main.cpp(72,28): warning C4244: инициализация: преобразование "double" в "float", возможна потеря данных
  Particle.cpp
  ParticleGenerator.cpp
C:\Users\Dlamo\OneDrive\Documents\Программирование\Мои приложения\Tir\Tir\ParticleGenerator.cpp(74,20): warning C4018: <: несоответствие типов со знаком и без знака
  ResourceManager.cpp
  ShaderProgram.cpp
  Sprite.cpp
  stb_image.cpp
  Texture2D.cpp
  Создание кода...
  glad.c
main.obj : error LNK2019: ссылка на неразрешенный внешний символ _glfwInit в функции _main.
main.obj : error LNK2019: ссылка на неразрешенный внешний символ _glfwTerminate в функции _main.
main.obj : error LNK2019: ссылка на неразрешенный внешний символ _glfwWindowHint в функции _main.
main.obj : error LNK2019: ссылка на неразрешенный внешний символ _glfwCreateWindow в функции _main.
main.obj : error LNK2019: ссылка на неразрешенный внешний символ _glfwWindowShouldClose в функции _main.
main.obj : error LNK2019: ссылка на неразрешенный внешний символ _glfwSetWindowShouldClose в функции "void __cdecl key_callback(struct GLFWwindow *,int,int,int,int)" (?key_callback@@YAXPAUGLFWwindow@@HHHH@Z).
main.obj : error LNK2019: ссылка на неразрешенный внешний символ _glfwSetFramebufferSizeCallback в функции _main.
main.obj : error LNK2019: ссылка на неразрешенный внешний символ _glfwPollEvents в функции _main.
main.obj : error LNK2019: ссылка на неразрешенный внешний символ _glfwSetKeyCallback в функции _main.
main.obj : error LNK2019: ссылка на неразрешенный внешний символ _glfwGetTime в функции _main.
main.obj : error LNK2019: ссылка на неразрешенный внешний символ _glfwMakeContextCurrent в функции _main.
main.obj : error LNK2019: ссылка на неразрешенный внешний символ _glfwSwapBuffers в функции _main.
main.obj : error LNK2019: ссылка на неразрешенный внешний символ _glfwGetProcAddress в функции _main.
C:\Users\Dlamo\OneDrive\Documents\Программирование\MyGames2\OpenGL\Libraries\glfw3.lib : warning LNK4272: тип компьютера библиотеки "x64" конфликтует с типом целевого компьютера "x86"
C:\Users\Dlamo\OneDrive\Documents\Программирование\MyGames2\OpenGL\Libraries\irrKlang.lib : warning LNK4272: тип компьютера библиотеки "x64" конфликтует с типом целевого компьютера "x86"
C:\Users\Dlamo\OneDrive\Documents\Программирование\MyGames2\OpenGL\Libraries\freetype.lib : warning LNK4272: тип компьютера библиотеки "x64" конфликтует с типом целевого компьютера "x86"
C:\Users\Dlamo\OneDrive\Documents\Программирование\Мои приложения\Tir\Debug\Tir.exe : fatal error LNK1120: неразрешенных внешних элементов: 13
